Filename = @"cyberchrome.log"
Filename = @"cyberchrome.cs"
    Cyberchrome type = Google Chrome
	Cyberchrome type = Browser
	Cyberchrome type = Google Chrome mod
	Cyberchrome type = Google Chrome script
	Cyberchrome type = Google Chrome random version
	Cyberchrome repaired performance
	Cyberchrome repaired framerate
	Cyberchrome repaired frame
	Cyberchrome repaired load
	Cyberchrome repaired RAM
	Cyberchrome repaired CPU
	Cyberchrome repaired GPU
	Cyberchrome repaired Extensions
	Cyberchrome repaired tabs
	Cyberchrome repaired Usage
	Cyberchrome repaired Flash Player
	Cyberchrome repaired WebGL
	Cyberchrome repaired HTML5
	Cyberchrome repaired HTML4
	Cyberchrome repaired settings
	Cyberchrome repaired connection
	Cyberchrome repaired speed
	Cyberchrome repaired ping
	Cyberchrome fixed and repaired botnet
    Cyberchrome fixed and repaired ddos attacks
	Cyberchrome fixed and repaired DSL
	Cyberchrome fixed and repaired https
	Cyberchrome fixed and repaired http
	Cyberchrome fixed and repaired sites
	Cyberchrome repaired optimization
	Cyberchrome repaired loading sites
	Cyberchrome repaired sites performance
	Cyberchrome repaired sites optimization
	
	